/usr/sbin/mysqld, Version: 8.0.25 (MySQL Community Server - GPL). started with:
Tcp port: 0  Unix socket: /var/run/mysqld/mysqld.sock
Time                 Id Command    Argument
/usr/sbin/mysqld, Version: 8.0.25 (MySQL Community Server - GPL). started with:
Tcp port: 3306  Unix socket: /var/run/mysqld/mysqld.sock
Time                 Id Command    Argument
# Time: 2022-10-30T07:25:35.555996Z
# User@Host: root[root] @  [192.168.96.1]  Id:     8
# Query_time: 10.001474  Lock_time: 0.000000 Rows_sent: 1  Rows_examined: 1
use mysql_l13;
SET timestamp=1667114725;
/* ApplicationName=PhpStorm 2022.2.2 */ SELECT SLEEP(10);
# Time: 2022-10-30T07:25:52.665187Z
# User@Host: root[root] @  [192.168.96.1]  Id:     8
# Query_time: 10.000885  Lock_time: 0.000000 Rows_sent: 1  Rows_examined: 1
SET timestamp=1667114742;
/* ApplicationName=PhpStorm 2022.2.2 */ SELECT SLEEP(10);
/usr/sbin/mysqld, Version: 8.0.25 (MySQL Community Server - GPL). started with:
Tcp port: 3306  Unix socket: /var/run/mysqld/mysqld.sock
Time                 Id Command    Argument
# Time: 2022-10-30T07:38:32.386402Z
# User@Host: root[root] @  [192.168.96.1]  Id:     8
# Query_time: 10.002037  Lock_time: 0.000000 Rows_sent: 1  Rows_examined: 1
use mysql_l13;
SET timestamp=1667115502;
/* ApplicationName=PhpStorm 2022.2.2 */ SELECT SLEEP(10);
# Time: 2022-10-30T07:42:54.667258Z
# User@Host: root[root] @  [192.168.96.1]  Id:     8
# Query_time: 10.000659  Lock_time: 0.000000 Rows_sent: 1  Rows_examined: 1
SET timestamp=1667115764;
/* ApplicationName=PhpStorm 2022.2.2 */ SELECT SLEEP(10);
# Time: 2022-10-30T07:46:28.844301Z
# User@Host: root[root] @  [192.168.96.1]  Id:     8
# Query_time: 10.001248  Lock_time: 0.000000 Rows_sent: 1  Rows_examined: 1
SET timestamp=1667115978;
/* ApplicationName=PhpStorm 2022.2.2 */ SELECT SLEEP(10);
# Time: 2022-10-30T07:54:12.518481Z
# User@Host: root[root] @  [192.168.96.1]  Id:     8
# Query_time: 10.001076  Lock_time: 0.000000 Rows_sent: 1  Rows_examined: 1
SET timestamp=1667116442;
/* ApplicationName=PhpStorm 2022.2.2 */ SELECT SLEEP(10);
# Time: 2022-10-30T07:56:45.344627Z
# User@Host: root[root] @  [192.168.96.1]  Id:     8
# Query_time: 10.000378  Lock_time: 0.000000 Rows_sent: 1  Rows_examined: 1
SET timestamp=1667116595;
/* ApplicationName=PhpStorm 2022.2.2 */ SELECT SLEEP(10);
/usr/sbin/mysqld, Version: 8.0.25 (MySQL Community Server - GPL). started with:
Tcp port: 3306  Unix socket: /var/run/mysqld/mysqld.sock
Time                 Id Command    Argument
/usr/sbin/mysqld, Version: 8.0.25 (MySQL Community Server - GPL). started with:
Tcp port: 0  Unix socket: /var/run/mysqld/mysqld.sock
Time                 Id Command    Argument
/usr/sbin/mysqld, Version: 8.0.25 (MySQL Community Server - GPL). started with:
Tcp port: 0  Unix socket: /var/run/mysqld/mysqld.sock
Time                 Id Command    Argument
/usr/sbin/mysqld, Version: 8.0.25 (MySQL Community Server - GPL). started with:
Tcp port: 3306  Unix socket: /var/run/mysqld/mysqld.sock
Time                 Id Command    Argument
/usr/sbin/mysqld, Version: 8.0.25 (MySQL Community Server - GPL). started with:
Tcp port: 3306  Unix socket: /var/run/mysqld/mysqld.sock
Time                 Id Command    Argument
/usr/sbin/mysqld, Version: 8.0.25 (MySQL Community Server - GPL). started with:
Tcp port: 3306  Unix socket: /var/run/mysqld/mysqld.sock
Time                 Id Command    Argument
/usr/sbin/mysqld, Version: 8.0.25 (MySQL Community Server - GPL). started with:
Tcp port: 3306  Unix socket: /var/run/mysqld/mysqld.sock
Time                 Id Command    Argument
/usr/sbin/mysqld, Version: 8.0.25 (MySQL Community Server - GPL). started with:
Tcp port: 3306  Unix socket: /var/run/mysqld/mysqld.sock
Time                 Id Command    Argument
/usr/sbin/mysqld, Version: 8.0.25 (MySQL Community Server - GPL). started with:
Tcp port: 3306  Unix socket: /var/run/mysqld/mysqld.sock
Time                 Id Command    Argument
/usr/sbin/mysqld, Version: 8.0.25 (MySQL Community Server - GPL). started with:
Tcp port: 3306  Unix socket: /var/run/mysqld/mysqld.sock
Time                 Id Command    Argument
/usr/sbin/mysqld, Version: 8.0.25 (MySQL Community Server - GPL). started with:
Tcp port: 3306  Unix socket: /var/run/mysqld/mysqld.sock
Time                 Id Command    Argument
# Time: 2022-10-30T14:44:38.663454Z
# User@Host: root[root] @  [192.168.176.1]  Id:    13
# Query_time: 10.002106  Lock_time: 0.000000 Rows_sent: 1  Rows_examined: 1
use mysql_l13;
SET timestamp=1667141068;
/* ApplicationName=PhpStorm 2022.2.2 */ SELECT SLEEP(10);
